## Postgresql 分区表实现
                                                                   
### 作者                                                                   
dinglq                                                                   
                                                                   
### 日期                                                                   
2018-09-22                                                                 
                                                                   
### 标签                                                                   
PostgreSQL , 分区表     
                                                                   
----                                                                   
                                                                   
## 1. 传统方式实现
建立用户访问日志表，按照登录时间，每个月一个分区表。
### 1.1 创建父表
```
create table user_login_history(
	uid int,
	uname varchar(30),
	login_time timestamp
);
```
### 1.2 创建子表
每个月一个分区建立继承表
```
create table user_login_history_201808(like user_login_history including all) inherits(user_login_history);
create table user_login_history_201809(like user_login_history including all) inherits(user_login_history);
```
### 1.3 实现分区功能
要想实现分区功能，需要满足两个条件：
1. 往user_login_history表中插入数据，数据会根据分区键自动的插入到数据属于的子表中。
2. 查询user_login_history表时，命中数据在哪些分区，只需查询哪些分区。

要满足这两个条件，需要使用触发器（或者规则）和约束来实现。
#### 1.3.1 添加约束
```
ALTER TABLE user_login_history_201808 ADD CONSTRAINT user_login_history_201808_logtime
	CHECK(login_time >=DATE '2018-08-01' and login_time < DATE '2018-09-01');
	
ALTER TABLE user_login_history_201809 ADD CONSTRAINT user_login_history_201809_logtime
	CHECK(login_time >=DATE '2018-09-01' and login_time < DATE '2018-10-01');	
```
或者是创建子表时，指定check约束
```
CREATE TABLE user_login_history_201810(
	LIKE user_login_history INCLUDING ALL,
	CHECK ( login_time >= DATE '2018-10-01' AND login_time < DATE '2018-11-01' )
)INHERITS(user_login_history);
```

#### 1.3.2 添加规则或触发器
##### 1.3.2.1 规则
首先，在主表上建立规则，将插入数据放到相应的子表中去。
```
CREATE OR REPLACE RULE user_log_history_insert_201808 AS 
ON INSERT TO user_login_history WHERE login_time >=DATE '2018-08-01' and login_time < DATE '2018-09-01'
DO INSTEAD 
   INSERT INTO user_login_history_201808 VALUES(NEW.*);

CREATE OR REPLACE RULE user_log_history_insert_201809 AS
ON INSERT TO user_login_history WHERE login_time >=DATE '2018-09-01' and login_time < DATE '2018-10-01'
DO INSTEAD 
   INSERT INTO user_login_history_201809 VALUES(NEW.*);
```

规则的开销要比触发器大得多，但是开销在每次查询时支付一次，而不是在每行支付一次，因此这种方法对于大容量插入的情况可能更有优势。然而，在大多数情况下，触发器方法将提供更好的性能。

注意，COPY会忽略规则。如果您想要使用COPY来插入数据，那么您需要将数据复制到正确的分区表中，而不是复制到主表中。COPY确实触发触发器，所以如果使用触发器方法，您可以正常使用它

##### 1.3.2.2 触发器
```
create or replace function user_login_history_insert_trigger() 
returns trigger as $$
declare
begin
	if NEW.login_time >= date '2018-08-01' AND  NEW.login_time < date '2018-09-01' then
		insert into user_login_history_201808 values(NEW.*);
	elsif NEW.login_time >= date '2018-09-01' AND  NEW.login_time < date '2018-10-01' THEN
	    insert into user_login_history_201809 values(NEW.*);
	end if;
	return null;
end;
$$ language plpgsql;

create trigger insert_user_login_history_trigger
before insert on user_login_history
for each row execute procedure user_login_history_insert_trigger();
```

#### 1.3.4 验证
插入数据
```
INSERT INTO user_login_history(uid,uname,login_time)
values
(1,'黄飞鸿',to_timestamp('2018-08-23 16:23:21','yyyy-mm-dd hh24:mi:ss')),
(2,'霍元甲',to_timestamp('2018-09-3 19:23:21','yyyy-mm-dd hh24:mi:ss'))
```
查询数据
```
test=# select * from user_login_history;
 uid | uname  |     login_time      
-----+--------+---------------------
   1 | 黄飞鸿 | 2018-08-23 16:23:21
   2 | 霍元甲 | 2018-09-03 19:23:21
(2 rows)

test=# select * from user_login_history_201808 ;
 uid | uname  |     login_time      
-----+--------+---------------------
   1 | 黄飞鸿 | 2018-08-23 16:23:21
(1 row)

test=# select * from user_login_history_201809 ;
 uid | uname  |     login_time      
-----+--------+---------------------
   2 | 霍元甲 | 2018-09-03 19:23:21
(1 row)
```

数据都存到相应的分区中去了，那么查询数据时，如果指定分区键当条件，能否实现分区裁剪呢？
```
test=# explain select * from user_login_history 
test-# where login_time > date '2018-09-02';
                                    QUERY PLAN                                     
-----------------------------------------------------------------------------------
 Append  (cost=0.00..37.25 rows=461 width=90)
   ->  Seq Scan on user_login_history  (cost=0.00..0.00 rows=1 width=90)
         Filter: (login_time > '2018-09-02'::date)
   ->  Seq Scan on user_login_history_201809  (cost=0.00..18.62 rows=230 width=90)
         Filter: (login_time > '2018-09-02'::date)
   ->  Seq Scan on user_login_history_201810  (cost=0.00..18.62 rows=230 width=90)
         Filter: (login_time > '2018-09-02'::date)
(7 rows)
```
根据执行计划可以看出，查询全表扫描了三张表。没有达到我们的要求。
约束排除是一种查询优化技术，它可以提高以上述方式定义的分区表的性能

```
test=# set constraint_exclusion = on ;
SET
test=# explain select * from user_login_history 
where login_time > date '2018-09-02';
                                    QUERY PLAN                                     
-----------------------------------------------------------------------------------
 Append  (cost=0.00..18.62 rows=231 width=90)
   ->  Seq Scan on user_login_history  (cost=0.00..0.00 rows=1 width=90)
         Filter: (login_time > '2018-09-02'::date)
   ->  Seq Scan on user_login_history_201809  (cost=0.00..18.62 rows=230 width=90)
         Filter: (login_time > '2018-09-02'::date)
(5 rows)
```
















